生成启动时间为 12/11/2014 11:11:31 AM。
     1>项目“C:\Users\Lee\documents\visual studio 2012\Projects\AI Final Porject\AI Final Porject\AI Final Porject.vcxproj”在节点 2 上(Build 个目标)。
     1>ClCompile:
         C:\Program Files (x86)\Microsoft Visual Studio 11.0\VC\bin\CL.exe /c /ZI /nologo /W3 /WX- /sdl /Od /Oy- /D WIN32 /D _WINDOWS /D _DEBUG /D _UNICODE /D UNICODE /D _AFXDLL /Gm /EHsc /RTC1 /MDd /GS /fp:precise /Zc:wchar_t /Zc:forScope /Yc"stdafx.h" /Fp"Debug\AI Final Porject.pch" /Fo"Debug\\" /Fd"Debug\vc110.pdb" /Gd /TP /analyze- /errorReport:prompt stdafx.cpp
         stdafx.cpp
         C:\Program Files (x86)\Microsoft Visual Studio 11.0\VC\bin\CL.exe /c /ZI /nologo /W3 /WX- /sdl /Od /Oy- /D WIN32 /D _WINDOWS /D _DEBUG /D _UNICODE /D UNICODE /D _AFXDLL /Gm /EHsc /RTC1 /MDd /GS /fp:precise /Zc:wchar_t /Zc:forScope /Yu"stdafx.h" /Fp"Debug\AI Final Porject.pch" /Fo"Debug\\" /Fd"Debug\vc110.pdb" /Gd /TP /analyze- /errorReport:prompt Add_Player_Dlg.cpp Add_Tactics_Dlg.cpp "AI Final Porject.cpp" "AI Final PorjectDlg.cpp" Delete_Player_Dlg.cpp Delete_Tactics_Dlg.cpp network.cpp
         network.cpp
         Delete_Tactics_Dlg.cpp
         Delete_Player_Dlg.cpp
         AI Final PorjectDlg.cpp
         AI Final Porject.cpp
         Add_Tactics_Dlg.cpp
         Add_Player_Dlg.cpp
         正在生成代码...
       Link:
         C:\Program Files (x86)\Microsoft Visual Studio 11.0\VC\bin\link.exe /ERRORREPORT:PROMPT /OUT:"C:\Users\Lee\documents\visual studio 2012\Projects\AI Final Porject\Debug\AI Final Porject.exe" /INCREMENTAL /NOLOGO /MANIFEST /MANIFESTUAC:"level='asInvoker' uiAccess='false'" /manifest:embed /manifestinput:"C:\Program Files (x86)\Microsoft Visual Studio 11.0\VC\Include\Manifest\dpiaware.manifest" /DEBUG /PDB:"C:\Users\Lee\documents\visual studio 2012\Projects\AI Final Porject\Debug\AI Final Porject.pdb" /SUBSYSTEM:WINDOWS /TLBID:1 /ENTRY:"wWinMainCRTStartup" /DYNAMICBASE /NXCOMPAT /IMPLIB:"C:\Users\Lee\documents\visual studio 2012\Projects\AI Final Porject\Debug\AI Final Porject.lib" /MACHINE:X86 "Debug\AI Final Porject.res"
         Debug\Add_Player_Dlg.obj
         Debug\Add_Tactics_Dlg.obj
         "Debug\AI Final Porject.obj"
         "Debug\AI Final PorjectDlg.obj"
         Debug\Delete_Player_Dlg.obj
         Debug\Delete_Tactics_Dlg.obj
         Debug\network.obj
         Debug\stdafx.obj
         AI Final Porject.vcxproj -> C:\Users\Lee\documents\visual studio 2012\Projects\AI Final Porject\Debug\AI Final Porject.exe
     1>已完成生成项目“C:\Users\Lee\documents\visual studio 2012\Projects\AI Final Porject\AI Final Porject\AI Final Porject.vcxproj”(Build 个目标)的操作。

生成成功。

已用时间 00:00:04.54
