C:\USERS\LEE\DOCUMENTS\VISUAL STUDIO 2012\PROJECTS\AI FINAL PORJECT\AI FINAL PORJECT\DEBUG\AI FINAL PORJECT.PCH
C:\USERS\LEE\DOCUMENTS\VISUAL STUDIO 2012\PROJECTS\AI FINAL PORJECT\AI FINAL PORJECT\DEBUG\STDAFX.OBJ
C:\USERS\LEE\DOCUMENTS\VISUAL STUDIO 2012\PROJECTS\AI FINAL PORJECT\AI FINAL PORJECT\DEBUG\VC110.PDB
C:\USERS\LEE\DOCUMENTS\VISUAL STUDIO 2012\PROJECTS\AI FINAL PORJECT\AI FINAL PORJECT\DEBUG\AI FINAL PORJECT.OBJ
C:\USERS\LEE\DOCUMENTS\VISUAL STUDIO 2012\PROJECTS\AI FINAL PORJECT\AI FINAL PORJECT\DEBUG\AI FINAL PORJECTDLG.OBJ
C:\USERS\LEE\DOCUMENTS\VISUAL STUDIO 2012\PROJECTS\AI FINAL PORJECT\AI FINAL PORJECT\DEBUG\ADD_PLAYER_DLG.OBJ
C:\USERS\LEE\DOCUMENTS\VISUAL STUDIO 2012\PROJECTS\AI FINAL PORJECT\AI FINAL PORJECT\DEBUG\AI FINAL PORJECT.RES
C:\Users\Lee\documents\visual studio 2012\Projects\AI Final Porject\AI Final Porject\Debug\Add_Player_Dlg.obj
C:\Users\Lee\documents\visual studio 2012\Projects\AI Final Porject\AI Final Porject\Debug\AI Final Porject.obj
C:\Users\Lee\documents\visual studio 2012\Projects\AI Final Porject\AI Final Porject\Debug\AI Final PorjectDlg.obj
C:\Users\Lee\documents\visual studio 2012\Projects\AI Final Porject\AI Final Porject\Debug\stdafx.obj
C:\Users\Lee\documents\visual studio 2012\Projects\AI Final Porject\AI Final Porject\Debug\cl.command.1.tlog
C:\Users\Lee\documents\visual studio 2012\Projects\AI Final Porject\AI Final Porject\Debug\CL.read.1.tlog
C:\Users\Lee\documents\visual studio 2012\Projects\AI Final Porject\AI Final Porject\Debug\CL.write.1.tlog
C:\Users\Lee\documents\visual studio 2012\Projects\AI Final Porject\AI Final Porject\Debug\link-cvtres.read.1.tlog
C:\Users\Lee\documents\visual studio 2012\Projects\AI Final Porject\AI Final Porject\Debug\link-cvtres.write.1.tlog
C:\Users\Lee\documents\visual studio 2012\Projects\AI Final Porject\AI Final Porject\Debug\link-mt.read.1.tlog
C:\Users\Lee\documents\visual studio 2012\Projects\AI Final Porject\AI Final Porject\Debug\link-mt.write.1.tlog
C:\Users\Lee\documents\visual studio 2012\Projects\AI Final Porject\AI Final Porject\Debug\link-rc.read.1.tlog
C:\Users\Lee\documents\visual studio 2012\Projects\AI Final Porject\AI Final Porject\Debug\link-rc.write.1.tlog
C:\Users\Lee\documents\visual studio 2012\Projects\AI Final Porject\AI Final Porject\Debug\link.4072-cvtres.read.1.tlog
C:\Users\Lee\documents\visual studio 2012\Projects\AI Final Porject\AI Final Porject\Debug\link.4072-cvtres.write.1.tlog
C:\Users\Lee\documents\visual studio 2012\Projects\AI Final Porject\AI Final Porject\Debug\link.4072-mt.read.1.tlog
C:\Users\Lee\documents\visual studio 2012\Projects\AI Final Porject\AI Final Porject\Debug\link.4072-mt.write.1.tlog
C:\Users\Lee\documents\visual studio 2012\Projects\AI Final Porject\AI Final Porject\Debug\link.4072-rc.read.1.tlog
C:\Users\Lee\documents\visual studio 2012\Projects\AI Final Porject\AI Final Porject\Debug\link.4072-rc.write.1.tlog
C:\Users\Lee\documents\visual studio 2012\Projects\AI Final Porject\AI Final Porject\Debug\link.4072.read.1.tlog
C:\Users\Lee\documents\visual studio 2012\Projects\AI Final Porject\AI Final Porject\Debug\link.4072.write.1.tlog
C:\Users\Lee\documents\visual studio 2012\Projects\AI Final Porject\AI Final Porject\Debug\link.6684-cvtres.read.1.tlog
C:\Users\Lee\documents\visual studio 2012\Projects\AI Final Porject\AI Final Porject\Debug\link.6684-cvtres.write.1.tlog
C:\Users\Lee\documents\visual studio 2012\Projects\AI Final Porject\AI Final Porject\Debug\link.6684-mt.read.1.tlog
C:\Users\Lee\documents\visual studio 2012\Projects\AI Final Porject\AI Final Porject\Debug\link.6684-mt.write.1.tlog
C:\Users\Lee\documents\visual studio 2012\Projects\AI Final Porject\AI Final Porject\Debug\link.6684-rc.read.1.tlog
C:\Users\Lee\documents\visual studio 2012\Projects\AI Final Porject\AI Final Porject\Debug\link.6684-rc.write.1.tlog
C:\Users\Lee\documents\visual studio 2012\Projects\AI Final Porject\AI Final Porject\Debug\link.6684.read.1.tlog
C:\Users\Lee\documents\visual studio 2012\Projects\AI Final Porject\AI Final Porject\Debug\link.6684.write.1.tlog
C:\Users\Lee\documents\visual studio 2012\Projects\AI Final Porject\AI Final Porject\Debug\link.command.1.tlog
C:\Users\Lee\documents\visual studio 2012\Projects\AI Final Porject\AI Final Porject\Debug\link.read.1.tlog
C:\Users\Lee\documents\visual studio 2012\Projects\AI Final Porject\AI Final Porject\Debug\link.write.1.tlog
C:\Users\Lee\documents\visual studio 2012\Projects\AI Final Porject\AI Final Porject\Debug\rc.command.1.tlog
C:\Users\Lee\documents\visual studio 2012\Projects\AI Final Porject\AI Final Porject\Debug\rc.read.1.tlog
C:\Users\Lee\documents\visual studio 2012\Projects\AI Final Porject\AI Final Porject\Debug\rc.write.1.tlog
C:\Users\Lee\documents\visual studio 2012\Projects\AI Final Porject\AI Final Porject\Debug\AI Final Porject.res
C:\Users\Lee\documents\visual studio 2012\Projects\AI Final Porject\AI Final Porject\Debug\AI Final Porject.pch
C:\Users\Lee\documents\visual studio 2012\Projects\AI Final Porject\AI Final Porject\Debug\vc110.idb
C:\Users\Lee\documents\visual studio 2012\Projects\AI Final Porject\AI Final Porject\Debug\vc110.pdb
C:\Users\Lee\documents\visual studio 2012\Projects\AI Final Porject\Debug\AI Final Porject.pdb
