生成启动时间为 05/12/2014 16:50:24。
     1>项目“C:\Users\Lee\documents\visual studio 2012\Projects\AI Final Porject\AI Final Porject\AI Final Porject.vcxproj”在节点 2 上(Build 个目标)。
     1>ClCompile:
         C:\Program Files (x86)\Microsoft Visual Studio 11.0\VC\bin\CL.exe /c /Zi /nologo /W3 /WX- /sdl /O2 /Oi /Oy- /GL /D WIN32 /D _WINDOWS /D NDEBUG /D _UNICODE /D UNICODE /D _AFXDLL /Gm- /EHsc /MD /GS /Gy /fp:precise /Zc:wchar_t /Zc:forScope /Yc"stdafx.h" /Fp"Release\AI Final Porject.pch" /Fo"Release\\" /Fd"Release\vc110.pdb" /Gd /TP /analyze- /errorReport:prompt stdafx.cpp
         stdafx.cpp
         C:\Program Files (x86)\Microsoft Visual Studio 11.0\VC\bin\CL.exe /c /Zi /nologo /W3 /WX- /sdl /O2 /Oi /Oy- /GL /D WIN32 /D _WINDOWS /D NDEBUG /D _UNICODE /D UNICODE /D _AFXDLL /Gm- /EHsc /MD /GS /Gy /fp:precise /Zc:wchar_t /Zc:forScope /Yu"stdafx.h" /Fp"Release\AI Final Porject.pch" /Fo"Release\\" /Fd"Release\vc110.pdb" /Gd /TP /analyze- /errorReport:prompt Add_Player_Dlg.cpp Add_Tactics_Dlg.cpp "AI Final Porject.cpp" "AI Final PorjectDlg.cpp" Delete_Player_Dlg.cpp Delete_Tactics_Dlg.cpp
         Add_Player_Dlg.cpp
         Add_Tactics_Dlg.cpp
         AI Final Porject.cpp
         AI Final PorjectDlg.cpp
         Delete_Player_Dlg.cpp
         Delete_Tactics_Dlg.cpp
       ResourceCompile:
         C:\Program Files (x86)\Windows Kits\8.0\bin\x86\rc.exe /D NDEBUG /D _UNICODE /D UNICODE /D _AFXDLL /l"0x0804" /IRelease\ /nologo /fo"Release\AI Final Porject.res" "AI Final Porject.rc" 
       Link:
         C:\Program Files (x86)\Microsoft Visual Studio 11.0\VC\bin\link.exe /ERRORREPORT:PROMPT /OUT:"C:\Users\Lee\documents\visual studio 2012\Projects\AI Final Porject\Release\AI Final Porject.exe" /INCREMENTAL:NO /NOLOGO /MANIFEST /MANIFESTUAC:"level='asInvoker' uiAccess='false'" /manifest:embed /manifestinput:"C:\Program Files (x86)\Microsoft Visual Studio 11.0\VC\Include\Manifest\dpiaware.manifest" /DEBUG /PDB:"C:\Users\Lee\documents\visual studio 2012\Projects\AI Final Porject\Release\AI Final Porject.pdb" /SUBSYSTEM:WINDOWS /OPT:REF /OPT:ICF /LTCG /TLBID:1 /ENTRY:"wWinMainCRTStartup" /DYNAMICBASE /NXCOMPAT /IMPLIB:"C:\Users\Lee\documents\visual studio 2012\Projects\AI Final Porject\Release\AI Final Porject.lib" /MACHINE:X86 /SAFESEH "Release\AI Final Porject.res"
         Release\Add_Player_Dlg.obj
         Release\Add_Tactics_Dlg.obj
         "Release\AI Final Porject.obj"
         "Release\AI Final PorjectDlg.obj"
         Release\Delete_Player_Dlg.obj
         Release\Delete_Tactics_Dlg.obj
         Release\stdafx.obj
         正在生成代码
         已完成代码的生成
         AI Final Porject.vcxproj -> C:\Users\Lee\documents\visual studio 2012\Projects\AI Final Porject\Release\AI Final Porject.exe
     1>已完成生成项目“C:\Users\Lee\documents\visual studio 2012\Projects\AI Final Porject\AI Final Porject\AI Final Porject.vcxproj”(Build 个目标)的操作。

生成成功。

已用时间 00:00:07.40
